09:21:59.387 Chromatic CLI v12.0.0
             https://www.chromatic.com/docs/cli 
 
09:21:59.538 Authenticating with Chromatic 
09:21:59.539     → Connecting to https://index.chromatic.com
09:22:00.293 Authenticated with Chromatic
                 → Using project token '****************021f'
09:22:00.294 Retrieving git information
09:22:00.294 execGitCommand: git --no-pager log -n 1 --format="%H ## %ct ## %ae ## %an"
09:22:00.336 execGitCommand result: 09a2d51dc04c2e5bab12c3d7e45526d1e2bf491d ## 1748341741 ## ngup915@163.com ## Lee-NG915
09:22:00.336 execGitCommand: git branch --show-current
09:22:00.390 execGitCommand result: jasper/fortress-upgrade
09:22:00.447 execGitCommand: git --no-pager log -n 1 --skip=1 --format="%H"
09:22:00.482 execGitCommand result: 73a1b496570b331836c13993dc684cbf08960499
09:22:00.482 git info: {"commit":{"commit":"09a2d51dc04c2e5bab12c3d7e45526d1e2bf491d","committedAt":1748341741000,"committerEmail":"ngup915@163.com","committerName":"Lee-NG915"},"branch":"jasper/fortress-upgrade","fromCI":true}
09:22:00.483 execGitCommand: git --version
09:22:00.520 execGitCommand result: git version 2.39.5 (Apple Git-154)
09:22:00.520 execGitCommand: git config user.email
09:22:00.564 execGitCommand result: ngup915@163.com
09:22:00.565 execGitCommand: (git diff --name-only --no-relative --diff-filter=d --cached;git diff --name-only --no-relative --diff-filter=d;git ls-files --others --exclude-standard) | git hash-object --stdin-paths | git hash-object --stdin
09:22:00.704 execGitCommand result: 3a8b867c9f246d607d6b4031ddf22587b7837ac7
09:22:00.704 execGitCommand: git rev-parse --show-toplevel
09:22:00.753 execGitCommand result: /Users/colorli/castlery/joyboy
09:22:00.753 execGitCommandOneLine: git log --reverse --format=%cd --date=iso
09:22:00.844 execGitCommandOneLine: git log --follow --reverse --format=%cd --date=iso -- .storybook
09:22:00.913 execGitCommandCountLines: git shortlog -sn --all --since="6 months ago"
09:22:01.154 execGitCommandCountLines: git ls-files -- "*page*.js" "*page*.jsx" "*page*.ts" "*page*.tsx" "*Page*.js" "*Page*.jsx" "*Page*.ts" "*Page*.tsx" "*screen*.js" "*screen*.jsx" "*screen*.ts" "*screen*.tsx" "*Screen*.js" "*Screen*.jsx" "*Screen*.ts" "*Screen*.tsx"
09:22:01.196 execGitCommand: git config --get remote.origin.url
09:22:01.234 execGitCommand result: git@github.com:castlery/joyboy.git
09:22:01.961 App firstBuild: %o, lastBuild: %o {"committedAt":1719803827000} {"commit":"207ea3849135a59e18fff494ee68cfce93f5aab8","committedAt":1747217445000}
09:22:01.961 execGitCommand: git cat-file -e "207ea3849135a59e18fff494ee68cfce93f5aab8^{commit}"
09:22:01.987 execGitCommand result:
09:22:01.987 Adding last branch build commit 207ea3849135a59e18fff494ee68cfce93f5aab8 to commits with builds
09:22:01.987 step: checking 20 up to 1719803827
09:22:01.988 step: commitsWithBuilds: 207ea3849135a59e18fff494ee68cfce93f5aab8
09:22:01.988 step: commitsWithoutBuilds:
09:22:01.988 execGitCommand: git rev-list HEAD       --since 1719803827       -n 20 --not 207ea3849135a59e18fff494ee68cfce93f5aab8
09:22:02.029 execGitCommand result: 09a2d51dc04c2e5bab12c3d7e45526d1e2bf491d
             73a1b496570b331836c13993dc684cbf08960499
             6327e57b1d22bcaecacddd180bca29e4d3c760d7
             5b4b4d2021d018f09afcea2c474376835a2349e2
             2d6b7012ddd20d9cecf2964015b12b9d924dc6e6
             ee2c3f311e414773fb98271e8e59968fa570f277
             af0ad3757bb3cb1f2cb789182d3024486140204d
             318ce281ad2f47c1fec9a3cb39595c8da6762eb6
             292d4b217d6cd0bc5d4ec201d0cd11bd1381ffa3
             b2071315304dee1b6b84d5b75ff083a5cb0979fb
             5efb946723d08d077d281db0090d968231f79362
             1b9fed05c83b6dbafffa528c6b503fab6237e1f8
             1e817df19d9ed31c69493175aa5318d8b87cb319
             63960692e8030f42a3047012340100c46f009323
             597a78d98092c0faef881e9504351464be9a0938
             0442a3d7c66812ea84b86eed9a5d032f1986d094
             9113803f7f26027a9d732434a5becfcf71b7c895
             2e2a19df10dd2627af58a92edc0be487aef21c97
             6af524858133921599ab094e0be0c545ffdf3b39
             ee674bdfa6e57848eb066a86f127cdb53e353e34
09:22:02.029 step: candidateCommits: 09a2d51dc04c2e5bab12c3d7e45526d1e2bf491d,73a1b496570b331836c13993dc684cbf08960499,6327e57b1d22bcaecacddd180bca29e4d3c760d7,5b4b4d2021d018f09afcea2c474376835a2349e2,2d6b7012ddd20d9cecf2964015b12b9d924dc6e6,ee2c3f311e414773fb98271e8e59968fa570f277,af0ad3757bb3cb1f2cb789182d3024486140204d,318ce281ad2f47c1fec9a3cb39595c8da6762eb6,292d4b217d6cd0bc5d4ec201d0cd11bd1381ffa3,b2071315304dee1b6b84d5b75ff083a5cb0979fb,5efb946723d08d077d281db0090d968231f79362,1b9fed05c83b6dbafffa528c6b503fab6237e1f8,1e817df19d9ed31c69493175aa5318d8b87cb319,63960692e8030f42a3047012340100c46f009323,597a78d98092c0faef881e9504351464be9a0938,0442a3d7c66812ea84b86eed9a5d032f1986d094,9113803f7f26027a9d732434a5becfcf71b7c895,2e2a19df10dd2627af58a92edc0be487aef21c97,6af524858133921599ab094e0be0c545ffdf3b39,ee674bdfa6e57848eb066a86f127cdb53e353e34, visitedCommitsWithoutBuilds: 09a2d51dc04c2e5bab12c3d7e45526d1e2bf491d,73a1b496570b331836c13993dc684cbf08960499,6327e57b1d22bcaecacddd180bca29e4d3c760d7,5b4b4d2021d018f09afcea2c474376835a2349e2,2d6b7012ddd20d9cecf2964015b12b9d924dc6e6,ee2c3f311e414773fb98271e8e59968fa570f277,af0ad3757bb3cb1f2cb789182d3024486140204d,318ce281ad2f47c1fec9a3cb39595c8da6762eb6,292d4b217d6cd0bc5d4ec201d0cd11bd1381ffa3,b2071315304dee1b6b84d5b75ff083a5cb0979fb,5efb946723d08d077d281db0090d968231f79362,1b9fed05c83b6dbafffa528c6b503fab6237e1f8,1e817df19d9ed31c69493175aa5318d8b87cb319,63960692e8030f42a3047012340100c46f009323,597a78d98092c0faef881e9504351464be9a0938,0442a3d7c66812ea84b86eed9a5d032f1986d094,9113803f7f26027a9d732434a5becfcf71b7c895,2e2a19df10dd2627af58a92edc0be487aef21c97,6af524858133921599ab094e0be0c545ffdf3b39,ee674bdfa6e57848eb066a86f127cdb53e353e34
09:22:02.756 step: newCommitsWithBuilds: 09a2d51dc04c2e5bab12c3d7e45526d1e2bf491d
09:22:02.756 step: checking 40 up to 1719803827
09:22:02.756 step: commitsWithBuilds: 207ea3849135a59e18fff494ee68cfce93f5aab8,09a2d51dc04c2e5bab12c3d7e45526d1e2bf491d
09:22:02.756 step: commitsWithoutBuilds: 73a1b496570b331836c13993dc684cbf08960499,6327e57b1d22bcaecacddd180bca29e4d3c760d7,5b4b4d2021d018f09afcea2c474376835a2349e2,2d6b7012ddd20d9cecf2964015b12b9d924dc6e6,ee2c3f311e414773fb98271e8e59968fa570f277,af0ad3757bb3cb1f2cb789182d3024486140204d,318ce281ad2f47c1fec9a3cb39595c8da6762eb6,292d4b217d6cd0bc5d4ec201d0cd11bd1381ffa3,b2071315304dee1b6b84d5b75ff083a5cb0979fb,5efb946723d08d077d281db0090d968231f79362,1b9fed05c83b6dbafffa528c6b503fab6237e1f8,1e817df19d9ed31c69493175aa5318d8b87cb319,63960692e8030f42a3047012340100c46f009323,597a78d98092c0faef881e9504351464be9a0938,0442a3d7c66812ea84b86eed9a5d032f1986d094,9113803f7f26027a9d732434a5becfcf71b7c895,2e2a19df10dd2627af58a92edc0be487aef21c97,6af524858133921599ab094e0be0c545ffdf3b39,ee674bdfa6e57848eb066a86f127cdb53e353e34
09:22:02.756 execGitCommand: git rev-list HEAD       --since 1719803827       -n 59 --not 207ea3849135a59e18fff494ee68cfce93f5aab8 09a2d51dc04c2e5bab12c3d7e45526d1e2bf491d
09:22:02.781 execGitCommand result:
09:22:02.781 step: candidateCommits: , visitedCommitsWithoutBuilds:
09:22:02.781 step: no candidateCommits; we are done
09:22:03.469 Final commitsWithBuilds: 207ea3849135a59e18fff494ee68cfce93f5aab8,09a2d51dc04c2e5bab12c3d7e45526d1e2bf491d
09:22:03.470 execGitCommand: git rev-list 207ea3849135a59e18fff494ee68cfce93f5aab8 09a2d51dc04c2e5bab12c3d7e45526d1e2bf491d --not "207ea3849135a59e18fff494ee68cfce93f5aab8^@" "09a2d51dc04c2e5bab12c3d7e45526d1e2bf491d^@"
09:22:03.514 execGitCommand result: 09a2d51dc04c2e5bab12c3d7e45526d1e2bf491d
09:22:03.514 Found parentCommits: 09a2d51dc04c2e5bab12c3d7e45526d1e2bf491d
09:22:04.992 Found baselineCommits: 207ea3849135a59e18fff494ee68cfce93f5aab8
09:22:04.992 execGitCommand: git --no-pager diff --name-only --no-relative 207ea3849135a59e18fff494ee68cfce93f5aab8
09:22:05.025 execGitCommand result: .github/workflows/release-please.yaml
             CHANGELOG.md
             apps/pos/.env.development.au
             apps/pos/.env.development.ca
             apps/pos/.env.development.sg
             apps/pos/.env.development.uk
             apps/pos/.env.development.us
             apps/pos/.env.serve.development
             apps/pos/CHANGELOG.md
             apps/pos/app/layout.tsx
             apps/pos/package.json
             apps/web/CHANGELOG.md
             apps/web/app/layout.tsx
             apps/web/package.json
             libs/fortress/.storybook/font.scss
             libs/fortress/chromatic-diagnostics.json
             libs/fortress/chromatic.log
             libs/fortress/src/Accordion/Accordion.tsx
             libs/fortress/src/Button/Button.stories.tsx
             libs/fortress/src/Button/Button.tsx
             libs/fortress/src/Checkbox/Checkbox.stories.tsx
             libs/fortress/src/Form/index.ts
             libs/fortress/src/FormHelperText/FormHelperText.stories.tsx
             libs/fortress/src/FormHelperText/FormHelperText.tsx
             libs/fortress/src/FormHelperText/index.tsx
             libs/fortress/src/HookForm/components/Form/index.tsx
             libs/fortress/src/HookForm/controls/formItemControl.tsx
             libs/fortress/src/HookForm/controls/formItemControlSx.ts
             libs/fortress/src/HookForm/demos/dropdown.tsx
             libs/fortress/src/HookForm/demos/formfill.tsx
             libs/fortress/src/HookForm/index.ts
             libs/fortress/src/Input/Input.stories.tsx
             libs/fortress/src/Input/Input.tsx
             libs/fortress/src/Link/Link.stories.tsx
             libs/fortress/src/Link/Link.tsx
             libs/fortress/src/QuantitySelector/QuantitySelector.tsx
             libs/fortress/src/Radio/Radio.stories.tsx
             libs/fortress/src/Radio/RadioIcon.tsx
             libs/fortress/src/Select/Dropdown.stories.tsx
             libs/fortress/src/Select/Dropdown.tsx
             libs/fortress/src/Select/Select.stories.tsx
             libs/fortress/src/Stepper/Stepper.stories.tsx
             libs/fortress/src/Theme/helpers/extendTheme.ts
             libs/fortress/src/Theme/helpers/generateColorVariants.ts
             libs/fortress/src/Theme/types/Theme.ts
             libs/fortress/src/Theme/types/overrides/Components.d.ts
             libs/fortress/src/Theme/types/overrides/Link.d.ts
             libs/fortress/src/Theme/types/overrides/Mixins.d.ts
             libs/fortress/src/Theme/types/overrides/Option.d.ts
             libs/fortress/src/Theme/types/overrides/Select.d.ts
             libs/fortress/src/Theme/v1/colors.ts
             libs/fortress/src/Theme/v1/theme.tsx
             libs/fortress/src/Theme/v2/colors.ts
             libs/fortress/src/Theme/v2/theme.tsx
             libs/fortress/src/Theme/v2/typography.ts
             libs/fortress/src/Tooltip/Tooltip.stories.tsx
             libs/fortress/src/Upload/Upload.stories.tsx
             libs/fortress/src/Upload/Upload.tsx
             libs/fortress/src/Upload/useUpload.ts
             libs/fortress/src/hooks/index.ts
             libs/fortress/src/hooks/useBrandColor/index.ts
             libs/fortress/src/index.ts
             libs/modules/checkout/components/src/lib/payments/payment-terms/payment-terms.tsx
             libs/modules/checkout/domain/src/entity/business-feature.entity.ts
             libs/modules/checkout/domain/src/features/au.ts
             libs/modules/checkout/domain/src/features/ca.ts
             libs/modules/checkout/domain/src/features/sg.ts
             libs/modules/checkout/domain/src/features/uk.ts
             libs/modules/checkout/domain/src/features/us.ts
             libs/modules/checkout/domain/src/index.ts
             libs/modules/checkout/services/src/index.ts
             libs/modules/checkout/services/src/lib/feature.helper.ts
             libs/modules/cms/services/src/fetch/api/api.ts
             libs/modules/product/components/src/lib/footer/components/FooterSubscription/footerSubscription.tsx
             libs/modules/product/domain/src/api/pla.api.ts
             libs/shared/components/src/lib/custom-link/custom-link.tsx
             libs/shared/utils/src/index.ts
             libs/shared/utils/src/lib/nextAuth/auth.actions.ts
             package.json
             packages/monorepo-i18n/README.md
             packages/monorepo-i18n/project.json
             packages/monorepo-i18n/src/lib/locales/en/modules/cart/au.json
             packages/monorepo-i18n/src/lib/locales/en/modules/cart/ca.json
             packages/monorepo-i18n/src/lib/locales/en/modules/cart/sg.json
             packages/monorepo-i18n/src/lib/locales/en/modules/cart/uk.json
             packages/monorepo-i18n/src/lib/locales/en/modules/cart/us.json
             packages/monorepo-i18n/src/lib/locales/en/modules/checkout-address/au.json
             packages/monorepo-i18n/src/lib/locales/en/modules/checkout-address/ca.json
             packages/monorepo-i18n/src/lib/locales/en/modules/checkout-address/sg.json
             packages/monorepo-i18n/src/lib/locales/en/modules/checkout-address/uk.json
             packages/monorepo-i18n/src/lib/locales/en/modules/checkout-address/us.json
             packages/monorepo-i18n/src/lib/locales/en/modules/user/au.json
             packages/monorepo-i18n/src/lib/locales/en/modules/user/ca.json
             packages/monorepo-i18n/src/lib/locales/en/modules/user/sg.json
             packages/monorepo-i18n/src/lib/locales/en/modules/user/uk.json
             packages/monorepo-i18n/src/lib/locales/en/modules/user/us.json
             packages/monorepo-i18n/src/lib/locales/en/shared/search-places/au.json
             packages/monorepo-i18n/src/lib/locales/en/shared/search-places/ca.json
             packages/monorepo-i18n/src/lib/locales/en/shared/search-places/sg.json
             packages/monorepo-i18n/src/lib/locales/en/shared/search-places/uk.json
             packages/monorepo-i18n/src/lib/locales/en/shared/search-places/us.json
             packages/monorepo-i18n/src/lib/locales/en/shared/sg.json
             packages/monorepo-i18n/src/lib/locales/en/web/au.json
             packages/monorepo-i18n/src/lib/locales/en/web/ca.json
             packages/monorepo-i18n/src/lib/locales/en/web/sg.json
             packages/monorepo-i18n/src/lib/locales/en/web/us.json
             packages/monorepo-i18n/src/lib/settings/base.config.ts
             packages/monorepo-i18n/src/lib/types/namescape.ts
             packages/monorepo-i18n/src/lib/types/resource.ts
             release-please/release-please-manifest.json
09:22:05.026 Found 110 changed files:
               .github/workflows/release-please.yaml
               CHANGELOG.md
               apps/pos/.env.development.au
               apps/pos/.env.development.ca
               apps/pos/.env.development.sg
               apps/pos/.env.development.uk
               apps/pos/.env.development.us
               apps/pos/.env.serve.development
               apps/pos/CHANGELOG.md
               apps/pos/app/layout.tsx
               apps/pos/package.json
               apps/web/CHANGELOG.md
               apps/web/app/layout.tsx
               apps/web/package.json
               libs/fortress/.storybook/font.scss
               libs/fortress/chromatic-diagnostics.json
               libs/fortress/chromatic.log
               libs/fortress/src/Accordion/Accordion.tsx
               libs/fortress/src/Button/Button.stories.tsx
               libs/fortress/src/Button/Button.tsx
               libs/fortress/src/Checkbox/Checkbox.stories.tsx
               libs/fortress/src/Form/index.ts
               libs/fortress/src/FormHelperText/FormHelperText.stories.tsx
               libs/fortress/src/FormHelperText/FormHelperText.tsx
               libs/fortress/src/FormHelperText/index.tsx
               libs/fortress/src/HookForm/components/Form/index.tsx
               libs/fortress/src/HookForm/controls/formItemControl.tsx
               libs/fortress/src/HookForm/controls/formItemControlSx.ts
               libs/fortress/src/HookForm/demos/dropdown.tsx
               libs/fortress/src/HookForm/demos/formfill.tsx
               libs/fortress/src/HookForm/index.ts
               libs/fortress/src/Input/Input.stories.tsx
               libs/fortress/src/Input/Input.tsx
               libs/fortress/src/Link/Link.stories.tsx
               libs/fortress/src/Link/Link.tsx
               libs/fortress/src/QuantitySelector/QuantitySelector.tsx
               libs/fortress/src/Radio/Radio.stories.tsx
               libs/fortress/src/Radio/RadioIcon.tsx
               libs/fortress/src/Select/Dropdown.stories.tsx
               libs/fortress/src/Select/Dropdown.tsx
               libs/fortress/src/Select/Select.stories.tsx
               libs/fortress/src/Stepper/Stepper.stories.tsx
               libs/fortress/src/Theme/helpers/extendTheme.ts
               libs/fortress/src/Theme/helpers/generateColorVariants.ts
               libs/fortress/src/Theme/types/Theme.ts
               libs/fortress/src/Theme/types/overrides/Components.d.ts
               libs/fortress/src/Theme/types/overrides/Link.d.ts
               libs/fortress/src/Theme/types/overrides/Mixins.d.ts
               libs/fortress/src/Theme/types/overrides/Option.d.ts
               libs/fortress/src/Theme/types/overrides/Select.d.ts
               libs/fortress/src/Theme/v1/colors.ts
               libs/fortress/src/Theme/v1/theme.tsx
               libs/fortress/src/Theme/v2/colors.ts
               libs/fortress/src/Theme/v2/theme.tsx
               libs/fortress/src/Theme/v2/typography.ts
               libs/fortress/src/Tooltip/Tooltip.stories.tsx
               libs/fortress/src/Upload/Upload.stories.tsx
               libs/fortress/src/Upload/Upload.tsx
               libs/fortress/src/Upload/useUpload.ts
               libs/fortress/src/hooks/index.ts
               libs/fortress/src/hooks/useBrandColor/index.ts
               libs/fortress/src/index.ts
               libs/modules/checkout/components/src/lib/payments/payment-terms/payment-terms.tsx
               libs/modules/checkout/domain/src/entity/business-feature.entity.ts
               libs/modules/checkout/domain/src/features/au.ts
               libs/modules/checkout/domain/src/features/ca.ts
               libs/modules/checkout/domain/src/features/sg.ts
               libs/modules/checkout/domain/src/features/uk.ts
               libs/modules/checkout/domain/src/features/us.ts
               libs/modules/checkout/domain/src/index.ts
               libs/modules/checkout/services/src/index.ts
               libs/modules/checkout/services/src/lib/feature.helper.ts
               libs/modules/cms/services/src/fetch/api/api.ts
               libs/modules/product/components/src/lib/footer/components/FooterSubscription/footerSubscription.tsx
               libs/modules/product/domain/src/api/pla.api.ts
               libs/shared/components/src/lib/custom-link/custom-link.tsx
               libs/shared/utils/src/index.ts
               libs/shared/utils/src/lib/nextAuth/auth.actions.ts
               package.json
               packages/monorepo-i18n/README.md
               packages/monorepo-i18n/project.json
               packages/monorepo-i18n/src/lib/locales/en/modules/cart/au.json
               packages/monorepo-i18n/src/lib/locales/en/modules/cart/ca.json
               packages/monorepo-i18n/src/lib/locales/en/modules/cart/sg.json
               packages/monorepo-i18n/src/lib/locales/en/modules/cart/uk.json
               packages/monorepo-i18n/src/lib/locales/en/modules/cart/us.json
               packages/monorepo-i18n/src/lib/locales/en/modules/checkout-address/au.json
               packages/monorepo-i18n/src/lib/locales/en/modules/checkout-address/ca.json
               packages/monorepo-i18n/src/lib/locales/en/modules/checkout-address/sg.json
               packages/monorepo-i18n/src/lib/locales/en/modules/checkout-address/uk.json
               packages/monorepo-i18n/src/lib/locales/en/modules/checkout-address/us.json
               packages/monorepo-i18n/src/lib/locales/en/modules/user/au.json
               packages/monorepo-i18n/src/lib/locales/en/modules/user/ca.json
               packages/monorepo-i18n/src/lib/locales/en/modules/user/sg.json
               packages/monorepo-i18n/src/lib/locales/en/modules/user/uk.json
               packages/monorepo-i18n/src/lib/locales/en/modules/user/us.json
               packages/monorepo-i18n/src/lib/locales/en/shared/search-places/au.json
               packages/monorepo-i18n/src/lib/locales/en/shared/search-places/ca.json
               packages/monorepo-i18n/src/lib/locales/en/shared/search-places/sg.json
               packages/monorepo-i18n/src/lib/locales/en/shared/search-places/uk.json
               packages/monorepo-i18n/src/lib/locales/en/shared/search-places/us.json
               packages/monorepo-i18n/src/lib/locales/en/shared/sg.json
               packages/monorepo-i18n/src/lib/locales/en/web/au.json
               packages/monorepo-i18n/src/lib/locales/en/web/ca.json
               packages/monorepo-i18n/src/lib/locales/en/web/sg.json
               packages/monorepo-i18n/src/lib/locales/en/web/us.json
               packages/monorepo-i18n/src/lib/settings/base.config.ts
               packages/monorepo-i18n/src/lib/types/namescape.ts
               packages/monorepo-i18n/src/lib/types/resource.ts
               release-please/release-please-manifest.json
09:22:05.028 Retrieved git information
                 → Commit '09a2d51' on branch 'jasper/fortress-upgrade'; found 1 parent build and 110 changed files
09:22:05.028 Collecting Storybook metadata
09:22:05.028 {"storybookV6error":{"code":"MODULE_NOT_FOUND","requireStack":["/Users/colorli/.npm/_npx/7d79bcd8fb3382c4/node_modules/chromatic/dist/chunk-TKGT252T.js","/Users/colorli/.npm/_npx/7d79bcd8fb3382c4/node_modules/chromatic/dist/bin.js"]}}
09:22:05.050 {"configDirectory":".storybook","mainConfig":{"code":"import type { StorybookConfig } from '@storybook/react-vite';\n// import remarkGfm from 'remark-gfm';\nimport * as dotenv from 'dotenv';\nimport { nxViteTsPaths } from '@nx/vite/plugins/nx-tsconfig-paths.plugin';\nimport { mergeConfig } from 'vite';\nimport * as path from 'path';\nimport { fileURLToPath } from 'url';\n\n// Use import.meta.url to get __dirname equivalent in ESM\nconst projectRoot = path.dirname(fileURLToPath(import.meta.url));\n\ndotenv.config({ path: path.resolve(projectRoot, '../.env') });\n\nconst SUPPORTED_PREFIXES = ['NEXT_PUBLIC_', 'GOOGLE_', 'DY_', 'REDIS_', 'YOTPO_', 'NODE_ENV'];\n\nconst envDefine: Record<string, string> = {};\n\nfor (const [key, val] of Object.entries(process.env)) {\n  if (SUPPORTED_PREFIXES.some((prefix) => key.startsWith(prefix))) {\n    envDefine[key] = val ?? '';\n  }\n}\n\nlet stories = [\n  // '../src/**/*.stories.tsx',\n  '../src/**/*.@(mdx|stories.@(js|jsx|ts|tsx))',\n  '../../shared/components/src/lib/next-fortress-link/*.@(mdx|stories.@(js|jsx|ts|tsx))',\n  // '../src/**/*.mdx',\n];\n\nif (process.env.TEST_FAILURES) {\n  stories = ['../expected-failures/*.stories.@(js|jsx|ts|tsx)'];\n}\n\nconst config: StorybookConfig = {\n  stories,\n  /**\n   * storybook8.3 useHook 会报错\n   * storybook8.2.9 mdx 文件无法解析\n   */\n  addons: [\n    '@storybook/addon-a11y',\n    '@storybook/addon-essentials',\n    '@storybook/addon-themes',\n    {\n      name: '@chromatic-com/storybook',\n      options: {\n        // 确保Chromatic插件使用我们的配置\n        projectToken: 'chpt_68cd5d09d39021f',\n        // 关键配置：使用开发服务器而不是构建\n        storybookUrl: 'auto', // 自动使用当前运行的开发服务器\n        skip: false,\n        skipTurboSnap: true, // 禁用TurboSnap\n        disableTurboSnapshots: true, // 禁用TurboSnapshots\n        exitZeroOnChanges: true,\n        preserveMissing: true,\n        debug: true,\n      },\n    },\n    '@storybook/addon-interactions',\n    '@storybook/addon-designs',\n    '@storybook/addon-coverage',\n    '@storybook/addon-controls',\n    '@storybook/addon-mdx-gfm',\n  ],\n  framework: {\n    name: '@storybook/react-vite',\n    options: {\n      builder: {\n        // viteConfigPath: 'libs/fortress/vite.config.storybook.ts',\n        viteConfigPath: path.resolve(projectRoot, '../vite.config.storybook.ts'),\n      },\n    },\n  },\n  docs: {\n    autodocs: true,\n    defaultName: 'Document',\n  },\n  viteFinal: async (config) =>\n    mergeConfig(config, {\n      plugins: [nxViteTsPaths()],\n      define: {\n        'process.env': {\n          ...envDefine,\n        },\n      },\n    }),\n  typescript: {\n    reactDocgen: 'react-docgen-typescript',\n    reactDocgenTypescriptOptions: {\n      // Speeds up Storybook build time\n      compilerOptions: {\n        allowSyntheticDefaultImports: false,\n        esModuleInterop: false,\n      },\n      // Makes union prop types like variant and size appear as select controls\n      shouldExtractLiteralValuesFromEnum: true,\n      // Makes string and boolean types that can be undefined appear as inputs and switches\n      shouldRemoveUndefinedFromOptional: true,\n      // Filter out third-party props from node_modules except @mui packages\n      propFilter: (prop) => (prop.parent ? !/node_modules\\/(?!@mui)/.test(prop.parent.fileName) : true),\n    },\n  },\n};\n\nexport default config;\n\n// To customize your Vite configuration you can use the viteFinal field.\n// Check https://storybook.js.org/docs/react/builders/vite#configuration\n// and https://nx.dev/recipes/storybook/custom-builder-configs\n"}}
09:22:05.058 No viewlayer package listed in dependencies. Checking transitive dependencies.
09:22:05.061 [{"status":"fulfilled","value":{"configDir":".storybook"}},{"status":"rejected","reason":{}},{"status":"rejected","reason":{}}]
09:22:05.061 Collected Storybook metadata
                 → ; no supported addons found
09:22:05.062 Initializing build
09:22:05.063 Got environment:
             {}
09:22:06.278 Initialized build
                 → Build 366 initialized
09:22:06.286 Building your Storybook
09:22:06.287     → Running command: pnpm run storybook:build --output-dir=/var/folders/qw/58ffg3zj0p1dpmy_rzvx9ssc0000gp/T/chromatic--32286-Hq86MvEKunnB --webpack-stats-json=/var/folders/qw/58ffg3zj0p1dpmy_rzvx9ssc0000gp/T/chromatic--32286-Hq86MvEKunnB
09:22:06.287     → [*                   ]
09:22:06.293 Running build command: pnpm run storybook:build --output-dir=/var/folders/qw/58ffg3zj0p1dpmy_rzvx9ssc0000gp/T/chromatic--32286-Hq86MvEKunnB --webpack-stats-json=/var/folders/qw/58ffg3zj0p1dpmy_rzvx9ssc0000gp/T/chromatic--32286-Hq86MvEKunnB
09:22:06.294 Runtime metadata: {
               "nodePlatform": "darwin",
               "nodeVersion": "20.9.0",
               "packageManager": "pnpm",
               "packageManagerVersion": "9.9.0"
             }
09:22:16.289     → [ *                  ]
09:22:26.297     → [  *                 ]
09:22:31.303 The CLI tried to run your storybook:build script, but the command failed. This indicates a problem with your Storybook. Here's what to do:
             
             - Check the Storybook build log printed below.
             - Run npm run storybook:build or yarn storybook:build yourself and make sure it outputs a valid Storybook by opening the generated index.html in your browser.
             - Review the build-storybook CLI options at https://storybook.js.org/docs/configurations/cli-options/#for-build-storybook
             
             Command failed with exit code 1: pnpm run storybook:build --output-dir=/var/folders/qw/58ffg3zj0p1dpmy_rzvx9ssc0000gp/T/chromatic--32286-Hq86MvEKunnB --webpack-stats-json=/var/folders/qw/58ffg3zj0p1dpmy_rzvx9ssc0000gp/T/chromatic--32286-Hq86MvEKunnB
             The CJS build of Vite's Node API is deprecated. See https://vitejs.dev/guide/troubleshooting.html#vite-cjs-node-api-deprecated for more details.
             The CJS build of Vite's Node API is deprecated. See https://vitejs.dev/guide/troubleshooting.html#vite-cjs-node-api-deprecated for more details.
             The CJS build of Vite's Node API is deprecated. See https://vitejs.dev/guide/troubleshooting.html#vite-cjs-node-api-deprecated for more details.
             [vite:dts] You are building a library that may not need to generate declaration files.
             DEPRECATION WARNING: The legacy JS API is deprecated and will be removed in Dart Sass 2.0.0.
             More info: https://sass-lang.com/d/legacy-js-api
             ../../node_modules/.pnpm/@mui+joy@5.0.0-beta.48_@emotion+react@11.13.3_@types+react@18.3.1_react@18.3.1__@emotion+styl_qpgnavv4o3spqhui2kbtoamlqq/node_modules/@mui/joy/styles/ThemeProvider.js (1:0): Error when using sourcemap for reporting an error: Can't resolve original location of error.
             ../../node_modules/.pnpm/@mui+joy@5.0.0-beta.48_@emotion+react@11.13.3_@types+react@18.3.1_react@18.3.1__@emotion+styl_qpgnavv4o3spqhui2kbtoamlqq/node_modules/@mui/joy/AccordionDetails/AccordionDetails.js (1:0): Error when using sourcemap for reporting an error: Can't resolve original location of error.
             ../../node_modules/.pnpm/@mui+joy@5.0.0-beta.48_@emotion+react@11.13.3_@types+react@18.3.1_react@18.3.1__@emotion+styl_qpgnavv4o3spqhui2kbtoamlqq/node_modules/@mui/joy/Accordion/Accordion.js (1:0): Error when using sourcemap for reporting an error: Can't resolve original location of error.
             ../../node_modules/.pnpm/@mui+joy@5.0.0-beta.48_@emotion+react@11.13.3_@types+react@18.3.1_react@18.3.1__@emotion+styl_qpgnavv4o3spqhui2kbtoamlqq/node_modules/@mui/joy/AccordionGroup/AccordionGroup.js (1:0): Error when using sourcemap for reporting an error: Can't resolve original location of error.
             ../../node_modules/.pnpm/@mui+joy@5.0.0-beta.48_@emotion+react@11.13.3_@types+react@18.3.1_react@18.3.1__@emotion+styl_qpgnavv4o3spqhui2kbtoamlqq/node_modules/@mui/joy/AccordionSummary/AccordionSummary.js (1:0): Error when using sourcemap for reporting an error: Can't resolve original location of error.
             ../../node_modules/.pnpm/@mui+joy@5.0.0-beta.48_@emotion+react@11.13.3_@types+react@18.3.1_react@18.3.1__@emotion+styl_qpgnavv4o3spqhui2kbtoamlqq/node_modules/@mui/joy/Alert/Alert.js (1:0): Error when using sourcemap for reporting an error: Can't resolve original location of error.
             ../../node_modules/.pnpm/@mui+joy@5.0.0-beta.48_@emotion+react@11.13.3_@types+react@18.3.1_react@18.3.1__@emotion+styl_qpgnavv4o3spqhui2kbtoamlqq/node_modules/@mui/joy/AutocompleteListbox/AutocompleteListbox.js (1:0): Error when using sourcemap for reporting an error: Can't resolve original location of error.
             ../../node_modules/.pnpm/@mui+joy@5.0.0-beta.48_@emotion+react@11.13.3_@types+react@18.3.1_react@18.3.1__@emotion+styl_qpgnavv4o3spqhui2kbtoamlqq/node_modules/@mui/joy/AvatarGroup/AvatarGroup.js (1:0): Error when using sourcemap for reporting an error: Can't resolve original location of error.
             ../../node_modules/.pnpm/@mui+joy@5.0.0-beta.48_@emotion+react@11.13.3_@types+react@18.3.1_react@18.3.1__@emotion+styl_qpgnavv4o3spqhui2kbtoamlqq/node_modules/@mui/joy/Autocomplete/Autocomplete.js (1:0): Error when using sourcemap for reporting an error: Can't resolve original location of error.
             ../../node_modules/.pnpm/@mui+joy@5.0.0-beta.48_@emotion+react@11.13.3_@types+react@18.3.1_react@18.3.1__@emotion+styl_qpgnavv4o3spqhui2kbtoamlqq/node_modules/@mui/joy/AspectRatio/AspectRatio.js (1:0): Error when using sourcemap for reporting an error: Can't resolve original location of error.
             ../../node_modules/.pnpm/@mui+joy@5.0.0-beta.48_@emotion+react@11.13.3_@types+react@18.3.1_react@18.3.1__@emotion+styl_qpgnavv4o3spqhui2kbtoamlqq/node_modules/@mui/joy/Breadcrumbs/Breadcrumbs.js (1:0): Error when using sourcemap for reporting an error: Can't resolve original location of error.
             ../../node_modules/.pnpm/@mui+joy@5.0.0-beta.48_@emotion+react@11.13.3_@types+react@18.3.1_react@18.3.1__@emotion+styl_qpgnavv4o3spqhui2kbtoamlqq/node_modules/@mui/joy/Box/Box.js (1:0): Error when using sourcemap for reporting an error: Can't resolve original location of error.
             ../../node_modules/.pnpm/@mui+joy@5.0.0-beta.48_@emotion+react@11.13.3_@types+react@18.3.1_react@18.3.1__@emotion+styl_qpgnavv4o3spqhui2kbtoamlqq/node_modules/@mui/joy/AutocompleteOption/AutocompleteOption.js (1:0): Error when using sourcemap for reporting an error: Can't resolve original location of error.
             ../../node_modules/.pnpm/@mui+joy@5.0.0-beta.48_@emotion+react@11.13.3_@types+react@18.3.1_react@18.3.1__@emotion+styl_qpgnavv4o3spqhui2kbtoamlqq/node_modules/@mui/joy/Badge/Badge.js (1:0): Error when using sourcemap for reporting an error: Can't resolve original location of error.
             ../../node_modules/.pnpm/@mui+joy@5.0.0-beta.48_@emotion+react@11.13.3_@types+react@18.3.1_react@18.3.1__@emotion+styl_qpgnavv4o3spqhui2kbtoamlqq/node_modules/@mui/joy/Avatar/Avatar.js (1:0): Error when using sourcemap for reporting an error: Can't resolve original location of error.
             ../../node_modules/.pnpm/@mui+joy@5.0.0-beta.48_@emotion+react@11.13.3_@types+react@18.3.1_react@18.3.1__@emotion+styl_qpgnavv4o3spqhui2kbtoamlqq/node_modules/@mui/joy/Card/Card.js (1:0): Error when using sourcemap for reporting an error: Can't resolve original location of error.
             ../../node_modules/.pnpm/@mui+joy@5.0.0-beta.48_@emotion+react@11.13.3_@types+react@18.3.1_react@18.3.1__@emotion+styl_qpgnavv4o3spqhui2kbtoamlqq/node_modules/@mui/joy/CardContent/CardContent.js (1:0): Error when using sourcemap for reporting an error: Can't resolve original location of error.
             ../../node_modules/.pnpm/@mui+joy@5.0.0-beta.48_@emotion+react@11.13.3_@types+react@18.3.1_react@18.3.1__@emotion+styl_qpgnavv4o3spqhui2kbtoamlqq/node_modules/@mui/joy/CardOverflow/CardOverflow.js (1:0): Error when using sourcemap for reporting an error: Can't resolve original location of error.
             ../../node_modules/.pnpm/@mui+joy@5.0.0-beta.48_@emotion+react@11.13.3_@types+react@18.3.1_react@18.3.1__@emotion+styl_qpgnavv4o3spqhui2kbtoamlqq/node_modules/@mui/joy/CardActions/CardActions.js (1:0): Error when using sourcemap for reporting an error: Can't resolve original location of error.
             ../../node_modules/.pnpm/@mui+joy@5.0.0-beta.48_@emotion+react@11.13.3_@types+react@18.3.1_react@18.3.1__@emotion+styl_qpgnavv4o3spqhui2kbtoamlqq/node_modules/@mui/joy/ButtonGroup/ButtonGroup.js (1:0): Error when using sourcemap for reporting an error: Can't resolve original location of error.
             ../../node_modules/.pnpm/@mui+joy@5.0.0-beta.48_@emotion+react@11.13.3_@types+react@18.3.1_react@18.3.1__@emotion+styl_qpgnavv4o3spqhui2kbtoamlqq/node_modules/@mui/joy/Divider/Divider.js (1:0): Error when using sourcemap for reporting an error: Can't resolve original location of error.
             ../../node_modules/.pnpm/@mui+joy@5.0.0-beta.48_@emotion+react@11.13.3_@types+react@18.3.1_react@18.3.1__@emotion+styl_qpgnavv4o3spqhui2kbtoamlqq/node_modules/@mui/joy/ChipDelete/ChipDelete.js (1:0): Error when using sourcemap for reporting an error: Can't resolve original location of error.
             ../../node_modules/.pnpm/@mui+joy@5.0.0-beta.48_@emotion+react@11.13.3_@types+react@18.3.1_react@18.3.1__@emotion+styl_qpgnavv4o3spqhui2kbtoamlqq/node_modules/@mui/joy/Chip/Chip.js (1:0): Error when using sourcemap for reporting an error: Can't resolve original location of error.
             ../../node_modules/.pnpm/@mui+joy@5.0.0-beta.48_@emotion+react@11.13.3_@types+react@18.3.1_react@18.3.1__@emotion+styl_qpgnavv4o3spqhui2kbtoamlqq/node_modules/@mui/joy/Button/Button.js (1:0): Error when using sourcemap for reporting an error: Can't resolve original location of error.
             ../../node_modules/.pnpm/@mui+joy@5.0.0-beta.48_@emotion+react@11.13.3_@types+react@18.3.1_react@18.3.1__@emotion+styl_qpgnavv4o3spqhui2kbtoamlqq/node_modules/@mui/joy/CardCover/CardCover.js (1:0): Error when using sourcemap for reporting an error: Can't resolve original location of error.
             ../../node_modules/.pnpm/@mui+joy@5.0.0-beta.48_@emotion+react@11.13.3_@types+react@18.3.1_react@18.3.1__@emotion+styl_qpgnavv4o3spqhui2kbtoamlqq/node_modules/@mui/joy/DialogContent/DialogContent.js (1:0): Error when using sourcemap for reporting an error: Can't resolve original location of error.
             ../../node_modules/.pnpm/@mui+joy@5.0.0-beta.48_@emotion+react@11.13.3_@types+react@18.3.1_react@18.3.1__@emotion+styl_qpgnavv4o3spqhui2kbtoamlqq/node_modules/@mui/joy/DialogActions/DialogActions.js (1:0): Error when using sourcemap for reporting an error: Can't resolve original location of error.
             ../../node_modules/.pnpm/@mui+joy@5.0.0-beta.48_@emotion+react@11.13.3_@types+react@18.3.1_react@18.3.1__@emotion+styl_qpgnavv4o3spqhui2kbtoamlqq/node_modules/@mui/joy/Grid/Grid.js (1:0): Error when using sourcemap for reporting an error: Can't resolve original location of error.
             ../../node_modules/.pnpm/@mui+joy@5.0.0-beta.48_@emotion+react@11.13.3_@types+react@18.3.1_react@18.3.1__@emotion+styl_qpgnavv4o3spqhui2kbtoamlqq/node_modules/@mui/joy/DialogTitle/DialogTitle.js (1:0): Error when using sourcemap for reporting an error: Can't resolve original location of error.
             ../../node_modules/.pnpm/@mui+joy@5.0.0-beta.48_@emotion+react@11.13.3_@types+react@18.3.1_react@18.3.1__@emotion+styl_qpgnavv4o3spqhui2kbtoamlqq/node_modules/@mui/joy/Checkbox/Checkbox.js (1:0): Error when using sourcemap for reporting an error: Can't resolve original location of error.
             ../../node_modules/.pnpm/@mui+joy@5.0.0-beta.48_@emotion+react@11.13.3_@types+react@18.3.1_react@18.3.1__@emotion+styl_qpgnavv4o3spqhui2kbtoamlqq/node_modules/@mui/joy/FormControl/FormControl.js (1:0): Error when using sourcemap for reporting an error: Can't resolve original location of error.
             ../../node_modules/.pnpm/@mui+joy@5.0.0-beta.48_@emotion+react@11.13.3_@types+react@18.3.1_react@18.3.1__@emotion+styl_qpgnavv4o3spqhui2kbtoamlqq/node_modules/@mui/joy/FormLabel/FormLabel.js (1:0): Error when using sourcemap for reporting an error: Can't resolve original location of error.
             ../../node_modules/.pnpm/@mui+joy@5.0.0-beta.48_@emotion+react@11.13.3_@types+react@18.3.1_react@18.3.1__@emotion+styl_qpgnavv4o3spqhui2kbtoamlqq/node_modules/@mui/joy/Drawer/Drawer.js (1:0): Error when using sourcemap for reporting an error: Can't resolve original location of error.
             ../../node_modules/.pnpm/@mui+joy@5.0.0-beta.48_@emotion+react@11.13.3_@types+react@18.3.1_react@18.3.1__@emotion+styl_qpgnavv4o3spqhui2kbtoamlqq/node_modules/@mui/joy/IconButton/IconButton.js (1:0): Error when using sourcemap for reporting an error: Can't resolve original location of error.
             ../../node_modules/.pnpm/@mui+joy@5.0.0-beta.48_@emotion+react@11.13.3_@types+react@18.3.1_react@18.3.1__@emotion+styl_qpgnavv4o3spqhui2kbtoamlqq/node_modules/@mui/joy/Link/Link.js (1:0): Error when using sourcemap for reporting an error: Can't resolve original location of error.
             ../../node_modules/.pnpm/@mui+joy@5.0.0-beta.48_@emotion+react@11.13.3_@types+react@18.3.1_react@18.3.1__@emotion+styl_qpgnavv4o3spqhui2kbtoamlqq/node_modules/@mui/joy/Input/Input.js (1:0): Error when using sourcemap for reporting an error: Can't resolve original location of error.
             ../../node_modules/.pnpm/@mui+joy@5.0.0-beta.48_@emotion+react@11.13.3_@types+react@18.3.1_react@18.3.1__@emotion+styl_qpgnavv4o3spqhui2kbtoamlqq/node_modules/@mui/joy/CssBaseline/CssBaseline.js (1:0): Error when using sourcemap for reporting an error: Can't resolve original location of error.
             ../../node_modules/.pnpm/@mui+joy@5.0.0-beta.48_@emotion+react@11.13.3_@types+react@18.3.1_react@18.3.1__@emotion+styl_qpgnavv4o3spqhui2kbtoamlqq/node_modules/@mui/joy/Container/Container.js (1:0): Error when using sourcemap for reporting an error: Can't resolve original location of error.
             ../../node_modules/.pnpm/@mui+joy@5.0.0-beta.48_@emotion+react@11.13.3_@types+react@18.3.1_react@18.3.1__@emotion+styl_qpgnavv4o3spqhui2kbtoamlqq/node_modules/@mui/joy/FormHelperText/FormHelperText.js (1:0): Error when using sourcemap for reporting an error: Can't resolve original location of error.
             ../../node_modules/.pnpm/@mui+joy@5.0.0-beta.48_@emotion+react@11.13.3_@types+react@18.3.1_react@18.3.1__@emotion+styl_qpgnavv4o3spqhui2kbtoamlqq/node_modules/@mui/joy/List/List.js (1:0): Error when using sourcemap for reporting an error: Can't resolve original location of error.
             ../../node_modules/.pnpm/@mui+joy@5.0.0-beta.48_@emotion+react@11.13.3_@types+react@18.3.1_react@18.3.1__@emotion+styl_qpgnavv4o3spqhui2kbtoamlqq/node_modules/@mui/joy/LinearProgress/LinearProgress.js (1:0): Error when using sourcemap for reporting an error: Can't resolve original location of error.
             ../../node_modules/.pnpm/@mui+joy@5.0.0-beta.48_@emotion+react@11.13.3_@types+react@18.3.1_react@18.3.1__@emotion+styl_qpgnavv4o3spqhui2kbtoamlqq/node_modules/@mui/joy/ListItemContent/ListItemContent.js (1:0): Error when using sourcemap for reporting an error: Can't resolve original location of error.
             ../../node_modules/.pnpm/@mui+joy@5.0.0-beta.48_@emotion+react@11.13.3_@types+react@18.3.1_react@18.3.1__@emotion+styl_qpgnavv4o3spqhui2kbtoamlqq/node_modules/@mui/joy/CircularProgress/CircularProgress.js (1:0): Error when using sourcemap for reporting an error: Can't resolve original location of error.
             ../../node_modules/.pnpm/@mui+joy@5.0.0-beta.48_@emotion+react@11.13.3_@types+react@18.3.1_react@18.3.1__@emotion+styl_qpgnavv4o3spqhui2kbtoamlqq/node_modules/@mui/joy/ListDivider/ListDivider.js (1:0): Error when using sourcemap for reporting an error: Can't resolve original location of error.
             ../../node_modules/.pnpm/@mui+joy@5.0.0-beta.48_@emotion+react@11.13.3_@types+react@18.3.1_react@18.3.1__@emotion+styl_qpgnavv4o3spqhui2kbtoamlqq/node_modules/@mui/joy/MenuItem/MenuItem.js (1:0): Error when using sourcemap for reporting an error: Can't resolve original location of error.
             ../../node_modules/.pnpm/@mui+joy@5.0.0-beta.48_@emotion+react@11.13.3_@types+react@18.3.1_react@18.3.1__@emotion+styl_qpgnavv4o3spqhui2kbtoamlqq/node_modules/@mui/joy/ListItemButton/ListItemButton.js (1:0): Error when using sourcemap for reporting an error: Can't resolve original location of error.
             ../../node_modules/.pnpm/@mui+joy@5.0.0-beta.48_@emotion+react@11.13.3_@types+react@18.3.1_react@18.3.1__@emotion+styl_qpgnavv4o3spqhui2kbtoamlqq/node_modules/@mui/joy/ModalDialog/ModalDialog.js (1:0): Error when using sourcemap for reporting an error: Can't resolve original location of error.
             ../../node_modules/.pnpm/@mui+joy@5.0.0-beta.48_@emotion+react@11.13.3_@types+react@18.3.1_react@18.3.1__@emotion+styl_qpgnavv4o3spqhui2kbtoamlqq/node_modules/@mui/joy/ModalClose/ModalClose.js (1:0): Error when using sourcemap for reporting an error: Can't resolve original location of error.
             ../../node_modules/.pnpm/@mui+joy@5.0.0-beta.48_@emotion+react@11.13.3_@types+react@18.3.1_react@18.3.1__@emotion+styl_qpgnavv4o3spqhui2kbtoamlqq/node_modules/@mui/joy/Modal/Modal.js (1:0): Error when using sourcemap for reporting an error: Can't resolve original location of error.
             ../../node_modules/.pnpm/@mui+joy@5.0.0-beta.48_@emotion+react@11.13.3_@types+react@18.3.1_react@18.3.1__@emotion+styl_qpgnavv4o3spqhui2kbtoamlqq/node_modules/@mui/joy/ListItem/ListItem.js (1:0): Error when using sourcemap for reporting an error: Can't resolve original location of error.
             ../../node_modules/.pnpm/@mui+joy@5.0.0-beta.48_@emotion+react@11.13.3_@types+react@18.3.1_react@18.3.1__@emotion+styl_qpgnavv4o3spqhui2kbtoamlqq/node_modules/@mui/joy/ListSubheader/ListSubheader.js (1:0): Error when using sourcemap for reporting an error: Can't resolve original location of error.
             ../../node_modules/.pnpm/@mui+joy@5.0.0-beta.48_@emotion+react@11.13.3_@types+react@18.3.1_react@18.3.1__@emotion+styl_qpgnavv4o3spqhui2kbtoamlqq/node_modules/@mui/joy/MenuList/MenuList.js (1:0): Error when using sourcemap for reporting an error: Can't resolve original location of error.
             ../../node_modules/.pnpm/@mui+joy@5.0.0-beta.48_@emotion+react@11.13.3_@types+react@18.3.1_react@18.3.1__@emotion+styl_qpgnavv4o3spqhui2kbtoamlqq/node_modules/@mui/joy/ListItemDecorator/ListItemDecorator.js (1:0): Error when using sourcemap for reporting an error: Can't resolve original location of error.
             ../../node_modules/.pnpm/@mui+joy@5.0.0-beta.48_@emotion+react@11.13.3_@types+react@18.3.1_react@18.3.1__@emotion+styl_qpgnavv4o3spqhui2kbtoamlqq/node_modules/@mui/joy/Menu/Menu.js (1:0): Error when using sourcemap for reporting an error: Can't resolve original location of error.
             ../../node_modules/.pnpm/@mui+joy@5.0.0-beta.48_@emotion+react@11.13.3_@types+react@18.3.1_react@18.3.1__@emotion+styl_qpgnavv4o3spqhui2kbtoamlqq/node_modules/@mui/joy/ModalOverflow/ModalOverflow.js (1:0): Error when using sourcemap for reporting an error: Can't resolve original location of error.
             ../../node_modules/.pnpm/@mui+joy@5.0.0-beta.48_@emotion+react@11.13.3_@types+react@18.3.1_react@18.3.1__@emotion+styl_qpgnavv4o3spqhui2kbtoamlqq/node_modules/@mui/joy/RadioGroup/RadioGroup.js (1:0): Error when using sourcemap for reporting an error: Can't resolve original location of error.
             ../../node_modules/.pnpm/@mui+joy@5.0.0-beta.48_@emotion+react@11.13.3_@types+react@18.3.1_react@18.3.1__@emotion+styl_qpgnavv4o3spqhui2kbtoamlqq/node_modules/@mui/joy/Radio/Radio.js (1:0): Error when using sourcemap for reporting an error: Can't resolve original location of error.
             ../../node_modules/.pnpm/@mui+joy@5.0.0-beta.48_@emotion+react@11.13.3_@types+react@18.3.1_react@18.3.1__@emotion+styl_qpgnavv4o3spqhui2kbtoamlqq/node_modules/@mui/joy/MenuButton/MenuButton.js (1:0): Error when using sourcemap for reporting an error: Can't resolve original location of error.
             ../../node_modules/.pnpm/@mui+joy@5.0.0-beta.48_@emotion+react@11.13.3_@types+react@18.3.1_react@18.3.1__@emotion+styl_qpgnavv4o3spqhui2kbtoamlqq/node_modules/@mui/joy/ScopedCssBaseline/ScopedCssBaseline.js (1:0): Error when using sourcemap for reporting an error: Can't resolve original location of error.
             ../../node_modules/.pnpm/@mui+joy@5.0.0-beta.48_@emotion+react@11.13.3_@types+react@18.3.1_react@18.3.1__@emotion+styl_qpgnavv4o3spqhui2kbtoamlqq/node_modules/@mui/joy/Option/Option.js (1:0): Error when using sourcemap for reporting an error: Can't resolve original location of error.
             ../../node_modules/.pnpm/@mui+joy@5.0.0-beta.48_@emotion+react@11.13.3_@types+react@18.3.1_react@18.3.1__@emotion+styl_qpgnavv4o3spqhui2kbtoamlqq/node_modules/@mui/joy/Sheet/Sheet.js (1:0): Error when using sourcemap for reporting an error: Can't resolve original location of error.
             ../../node_modules/.pnpm/@mui+joy@5.0.0-beta.48_@emotion+react@11.13.3_@types+react@18.3.1_react@18.3.1__@emotion+styl_qpgnavv4o3spqhui2kbtoamlqq/node_modules/@mui/joy/Step/Step.js (1:0): Error when using sourcemap for reporting an error: Can't resolve original location of error.
             ../../node_modules/.pnpm/@mui+joy@5.0.0-beta.48_@emotion+react@11.13.3_@types+react@18.3.1_react@18.3.1__@emotion+styl_qpgnavv4o3spqhui2kbtoamlqq/node_modules/@mui/joy/Slider/Slider.js (1:0): Error when using sourcemap for reporting an error: Can't resolve original location of error.
             ../../node_modules/.pnpm/@mui+joy@5.0.0-beta.48_@emotion+react@11.13.3_@types+react@18.3.1_react@18.3.1__@emotion+styl_qpgnavv4o3spqhui2kbtoamlqq/node_modules/@mui/joy/Stepper/Stepper.js (1:0): Error when using sourcemap for reporting an error: Can't resolve original location of error.
             ../../node_modules/.pnpm/@mui+joy@5.0.0-beta.48_@emotion+react@11.13.3_@types+react@18.3.1_react@18.3.1__@emotion+styl_qpgnavv4o3spqhui2kbtoamlqq/node_modules/@mui/joy/Stack/Stack.js (1:0): Error when using sourcemap for reporting an error: Can't resolve original location of error.
             ../../node_modules/.pnpm/@mui+joy@5.0.0-beta.48_@emotion+react@11.13.3_@types+react@18.3.1_react@18.3.1__@emotion+styl_qpgnavv4o3spqhui2kbtoamlqq/node_modules/@mui/joy/Select/Select.js (1:0): Error when using sourcemap for reporting an error: Can't resolve original location of error.
             ../../node_modules/.pnpm/@mui+joy@5.0.0-beta.48_@emotion+react@11.13.3_@types+react@18.3.1_react@18.3.1__@emotion+styl_qpgnavv4o3spqhui2kbtoamlqq/node_modules/@mui/joy/Snackbar/Snackbar.js (1:0): Error when using sourcemap for reporting an error: Can't resolve original location of error.
             ../../node_modules/.pnpm/@mui+joy@5.0.0-beta.48_@emotion+react@11.13.3_@types+react@18.3.1_react@18.3.1__@emotion+styl_qpgnavv4o3spqhui2kbtoamlqq/node_modules/@mui/joy/Skeleton/Skeleton.js (1:0): Error when using sourcemap for reporting an error: Can't resolve original location of error.
             ../../node_modules/.pnpm/@mui+joy@5.0.0-beta.48_@emotion+react@11.13.3_@types+react@18.3.1_react@18.3.1__@emotion+styl_qpgnavv4o3spqhui2kbtoamlqq/node_modules/@mui/joy/StepIndicator/StepIndicator.js (1:0): Error when using sourcemap for reporting an error: Can't resolve original location of error.
             ../../node_modules/.pnpm/@mui+joy@5.0.0-beta.48_@emotion+react@11.13.3_@types+react@18.3.1_react@18.3.1__@emotion+styl_qpgnavv4o3spqhui2kbtoamlqq/node_modules/@mui/joy/SvgIcon/SvgIcon.js (1:0): Error when using sourcemap for reporting an error: Can't resolve original location of error.
             ../../node_modules/.pnpm/@mui+joy@5.0.0-beta.48_@emotion+react@11.13.3_@types+react@18.3.1_react@18.3.1__@emotion+styl_qpgnavv4o3spqhui2kbtoamlqq/node_modules/@mui/joy/StepButton/StepButton.js (1:0): Error when using sourcemap for reporting an error: Can't resolve original location of error.
             ../../node_modules/.pnpm/@mui+joy@5.0.0-beta.48_@emotion+react@11.13.3_@types+react@18.3.1_react@18.3.1__@emotion+styl_qpgnavv4o3spqhui2kbtoamlqq/node_modules/@mui/joy/Tab/Tab.js (1:0): Error when using sourcemap for reporting an error: Can't resolve original location of error.
             ../../node_modules/.pnpm/@mui+joy@5.0.0-beta.48_@emotion+react@11.13.3_@types+react@18.3.1_react@18.3.1__@emotion+styl_qpgnavv4o3spqhui2kbtoamlqq/node_modules/@mui/joy/Switch/Switch.js (1:0): Error when using sourcemap for reporting an error: Can't resolve original location of error.
             ../../node_modules/.pnpm/@mui+joy@5.0.0-beta.48_@emotion+react@11.13.3_@types+react@18.3.1_react@18.3.1__@emotion+styl_qpgnavv4o3spqhui2kbtoamlqq/node_modules/@mui/joy/TabPanel/TabPanel.js (1:0): Error when using sourcemap for reporting an error: Can't resolve original location of error.
             ../../node_modules/.pnpm/@mui+joy@5.0.0-beta.48_@emotion+react@11.13.3_@types+react@18.3.1_react@18.3.1__@emotion+styl_qpgnavv4o3spqhui2kbtoamlqq/node_modules/@mui/joy/Table/Table.js (1:0): Error when using sourcemap for reporting an error: Can't resolve original location of error.
             ../../node_modules/.pnpm/@mui+joy@5.0.0-beta.48_@emotion+react@11.13.3_@types+react@18.3.1_react@18.3.1__@emotion+styl_qpgnavv4o3spqhui2kbtoamlqq/node_modules/@mui/joy/Textarea/Textarea.js (1:0): Error when using sourcemap for reporting an error: Can't resolve original location of error.
             ../../node_modules/.pnpm/@mui+joy@5.0.0-beta.48_@emotion+react@11.13.3_@types+react@18.3.1_react@18.3.1__@emotion+styl_qpgnavv4o3spqhui2kbtoamlqq/node_modules/@mui/joy/TabList/TabList.js (1:0): Error when using sourcemap for reporting an error: Can't resolve original location of error.
             ../../node_modules/.pnpm/@mui+joy@5.0.0-beta.48_@emotion+react@11.13.3_@types+react@18.3.1_react@18.3.1__@emotion+styl_qpgnavv4o3spqhui2kbtoamlqq/node_modules/@mui/joy/Tabs/Tabs.js (1:0): Error when using sourcemap for reporting an error: Can't resolve original location of error.
             ../../node_modules/.pnpm/@mui+joy@5.0.0-beta.48_@emotion+react@11.13.3_@types+react@18.3.1_react@18.3.1__@emotion+styl_qpgnavv4o3spqhui2kbtoamlqq/node_modules/@mui/joy/ToggleButtonGroup/ToggleButtonGroup.js (1:0): Error when using sourcemap for reporting an error: Can't resolve original location of error.
             ../../node_modules/.pnpm/@mui+joy@5.0.0-beta.48_@emotion+react@11.13.3_@types+react@18.3.1_react@18.3.1__@emotion+styl_qpgnavv4o3spqhui2kbtoamlqq/node_modules/@mui/joy/Tooltip/Tooltip.js (1:0): Error when using sourcemap for reporting an error: Can't resolve original location of error.
             ../../node_modules/.pnpm/@mui+joy@5.0.0-beta.48_@emotion+react@11.13.3_@types+react@18.3.1_react@18.3.1__@emotion+styl_qpgnavv4o3spqhui2kbtoamlqq/node_modules/@mui/joy/Typography/Typography.js (1:0): Error when using sourcemap for reporting an error: Can't resolve original location of error.
             ../../node_modules/.pnpm/@mui+base@5.0.0-beta.40_@types+react@18.3.1_react-dom@18.3.1_react@18.3.1__react@18.3.1/node_modules/@mui/base/useAutocomplete/useAutocomplete.js (1:0): Error when using sourcemap for reporting an error: Can't resolve original location of error.
             ../../node_modules/.pnpm/@mui+base@5.0.0-beta.40_@types+react@18.3.1_react-dom@18.3.1_react@18.3.1__react@18.3.1/node_modules/@mui/base/Dropdown/Dropdown.js (1:0): Error when using sourcemap for reporting an error: Can't resolve original location of error.
             ../../node_modules/.pnpm/@mui+utils@5.16.6_@types+react@18.3.1_react@18.3.1/node_modules/@mui/utils/esm/useControlled/useControlled.js (1:0): Error when using sourcemap for reporting an error: Can't resolve original location of error.
             ../../node_modules/.pnpm/@mui+joy@5.0.0-beta.48_@emotion+react@11.13.3_@types+react@18.3.1_react@18.3.1__@emotion+styl_qpgnavv4o3spqhui2kbtoamlqq/node_modules/@mui/joy/Accordion/AccordionContext.js (1:0): Error when using sourcemap for reporting an error: Can't resolve original location of error.
             ../shared/components/src/lib/next-fortress-link/next-fortress-link.tsx (1:0): Error when using sourcemap for reporting an error: Can't resolve original location of error.
             ../../node_modules/.pnpm/@mui+base@5.0.0-beta.40_@types+react@18.3.1_react-dom@18.3.1_react@18.3.1__react@18.3.1/node_modules/@mui/base/utils/ClassNameConfigurator.js (1:0): Error when using sourcemap for reporting an error: Can't resolve original location of error.
             ../../node_modules/.pnpm/@mui+base@5.0.0-beta.40_@types+react@18.3.1_react-dom@18.3.1_react@18.3.1__react@18.3.1/node_modules/@mui/base/utils/useRootElementName.js (1:0): Error when using sourcemap for reporting an error: Can't resolve original location of error.
             ../../node_modules/.pnpm/@mui+base@5.0.0-beta.40_@types+react@18.3.1_react-dom@18.3.1_react@18.3.1__react@18.3.1/node_modules/@mui/base/Badge/Badge.js (1:0): Error when using sourcemap for reporting an error: Can't resolve original location of error.
             ../../node_modules/.pnpm/@mui+base@5.0.0-beta.40_@types+react@18.3.1_react-dom@18.3.1_react@18.3.1__react@18.3.1/node_modules/@mui/base/Button/Button.js (1:0): Error when using sourcemap for reporting an error: Can't resolve original location of error.
             ../../node_modules/.pnpm/@mui+base@5.0.0-beta.40_@types+react@18.3.1_react-dom@18.3.1_react@18.3.1__react@18.3.1/node_modules/@mui/base/ClickAwayListener/ClickAwayListener.js (1:0): Error when using sourcemap for reporting an error: Can't resolve original location of error.
             ../../node_modules/.pnpm/@mui+base@5.0.0-beta.40_@types+react@18.3.1_react-dom@18.3.1_react@18.3.1__react@18.3.1/node_modules/@mui/base/Input/Input.js (1:0): Error when using sourcemap for reporting an error: Can't resolve original location of error.
             ../../node_modules/.pnpm/@mui+base@5.0.0-beta.40_@types+react@18.3.1_react-dom@18.3.1_react@18.3.1__react@18.3.1/node_modules/@mui/base/FormControl/FormControl.js (1:0): Error when using sourcemap for reporting an error: Can't resolve original location of error.
             ../../node_modules/.pnpm/@mui+base@5.0.0-beta.40_@types+react@18.3.1_react-dom@18.3.1_react@18.3.1__react@18.3.1/node_modules/@mui/base/Menu/Menu.js (1:0): Error when using sourcemap for reporting an error: Can't resolve original location of error.
             ../../node_modules/.pnpm/@mui+base@5.0.0-beta.40_@types+react@18.3.1_react-dom@18.3.1_react@18.3.1__react@18.3.1/node_modules/@mui/base/FocusTrap/FocusTrap.js (1:0): Error when using sourcemap for reporting an error: Can't resolve original location of error.
             ../../node_modules/.pnpm/@mui+base@5.0.0-beta.40_@types+react@18.3.1_react-dom@18.3.1_react@18.3.1__react@18.3.1/node_modules/@mui/base/MenuButton/MenuButton.js (1:0): Error when using sourcemap for reporting an error: Can't resolve original location of error.
             ../../node_modules/.pnpm/@mui+base@5.0.0-beta.40_@types+react@18.3.1_react-dom@18.3.1_react@18.3.1__react@18.3.1/node_modules/@mui/base/MenuItem/MenuItem.js (1:0): Error when using sourcemap for reporting an error: Can't resolve original location of error.
             ../../node_modules/.pnpm/@mui+base@5.0.0-beta.40_@types+react@18.3.1_react-dom@18.3.1_react@18.3.1__react@18.3.1/node_modules/@mui/base/Modal/Modal.js (1:0): Error when using sourcemap for reporting an error: Can't resolve original location of error.
             ../../node_modules/.pnpm/@mui+base@5.0.0-beta.40_@types+react@18.3.1_react-dom@18.3.1_react@18.3.1__react@18.3.1/node_modules/@mui/base/NoSsr/NoSsr.js (1:0): Error when using sourcemap for reporting an error: Can't resolve original location of error.
             ../../node_modules/.pnpm/@mui+base@5.0.0-beta.40_@types+react@18.3.1_react-dom@18.3.1_react@18.3.1__react@18.3.1/node_modules/@mui/base/OptionGroup/OptionGroup.js (1:0): Error when using sourcemap for reporting an error: Can't resolve original location of error.
             ../../node_modules/.pnpm/@mui+base@5.0.0-beta.40_@types+react@18.3.1_react-dom@18.3.1_react@18.3.1__react@18.3.1/node_modules/@mui/base/Unstable_NumberInput/NumberInput.js (1:0): Error when using sourcemap for reporting an error: Can't resolve original location of error.
             ../../node_modules/.pnpm/@mui+base@5.0.0-beta.40_@types+react@18.3.1_react-dom@18.3.1_react@18.3.1__react@18.3.1/node_modules/@mui/base/Option/Option.js (1:0): Error when using sourcemap for reporting an error: Can't resolve original location of error.
             ../../node_modules/.pnpm/@mui+base@5.0.0-beta.40_@types+react@18.3.1_react-dom@18.3.1_react@18.3.1__react@18.3.1/node_modules/@mui/base/Popper/Popper.js (1:0): Error when using sourcemap for reporting an error: Can't resolve original location of error.
             ../../node_modules/.pnpm/@mui+base@5.0.0-beta.40_@types+react@18.3.1_react-dom@18.3.1_react@18.3.1__react@18.3.1/node_modules/@mui/base/Unstable_Popup/Popup.js (1:0): Error when using sourcemap for reporting an error: Can't resolve original location of error.
             ../../node_modules/.pnpm/@mui+base@5.0.0-beta.40_@types+react@18.3.1_react-dom@18.3.1_react@18.3.1__react@18.3.1/node_modules/@mui/base/Portal/Portal.js (1:0): Error when using sourcemap for reporting an error: Can't resolve original location of error.
             ../../node_modules/.pnpm/@mui+base@5.0.0-beta.40_@types+react@18.3.1_react-dom@18.3.1_react@18.3.1__react@18.3.1/node_modules/@mui/base/Slider/Slider.js (1:0): Error when using sourcemap for reporting an error: Can't resolve original location of error.
             ../../node_modules/.pnpm/@mui+base@5.0.0-beta.40_@types+react@18.3.1_react-dom@18.3.1_react@18.3.1__react@18.3.1/node_modules/@mui/base/Snackbar/Snackbar.js (1:0): Error when using sourcemap for reporting an error: Can't resolve original location of error.
             ../../node_modules/.pnpm/@mui+base@5.0.0-beta.40_@types+react@18.3.1_react-dom@18.3.1_react@18.3.1__react@18.3.1/node_modules/@mui/base/Select/Select.js (1:0): Error when using sourcemap for reporting an error: Can't resolve original location of error.
             ../../node_modules/.pnpm/@mui+base@5.0.0-beta.40_@types+react@18.3.1_react-dom@18.3.1_react@18.3.1__react@18.3.1/node_modules/@mui/base/TabPanel/TabPanel.js (1:0): Error when using sourcemap for reporting an error: Can't resolve original location of error.
             ../../node_modules/.pnpm/@mui+base@5.0.0-beta.40_@types+react@18.3.1_react-dom@18.3.1_react@18.3.1__react@18.3.1/node_modules/@mui/base/Switch/Switch.js (1:0): Error when using sourcemap for reporting an error: Can't resolve original location of error.
             ../../node_modules/.pnpm/@mui+base@5.0.0-beta.40_@types+react@18.3.1_react-dom@18.3.1_react@18.3.1__react@18.3.1/node_modules/@mui/base/TabsList/TabsList.js (1:0): Error when using sourcemap for reporting an error: Can't resolve original location of error.
             ../../node_modules/.pnpm/@mui+base@5.0.0-beta.40_@types+react@18.3.1_react-dom@18.3.1_react@18.3.1__react@18.3.1/node_modules/@mui/base/TablePagination/TablePagination.js (1:0): Error when using sourcemap for reporting an error: Can't resolve original location of error.
             ../../node_modules/.pnpm/@mui+base@5.0.0-beta.40_@types+react@18.3.1_react-dom@18.3.1_react@18.3.1__react@18.3.1/node_modules/@mui/base/Tab/Tab.js (1:0): Error when using sourcemap for reporting an error: Can't resolve original location of error.
             ../../node_modules/.pnpm/@mui+base@5.0.0-beta.40_@types+react@18.3.1_react-dom@18.3.1_react@18.3.1__react@18.3.1/node_modules/@mui/base/TextareaAutosize/TextareaAutosize.js (1:0): Error when using sourcemap for reporting an error: Can't resolve original location of error.
             ../../node_modules/.pnpm/@mui+base@5.0.0-beta.40_@types+react@18.3.1_react-dom@18.3.1_react@18.3.1__react@18.3.1/node_modules/@mui/base/Tabs/Tabs.js (1:0): Error when using sourcemap for reporting an error: Can't resolve original location of error.
             ../../node_modules/.pnpm/@mui+base@5.0.0-beta.40_@types+react@18.3.1_react-dom@18.3.1_react@18.3.1__react@18.3.1/node_modules/@mui/base/Transitions/CssTransition.js (1:0): Error when using sourcemap for reporting an error: Can't resolve original location of error.
             ../../node_modules/.pnpm/@mui+base@5.0.0-beta.40_@types+react@18.3.1_react-dom@18.3.1_react@18.3.1__react@18.3.1/node_modules/@mui/base/Transitions/CssAnimation.js (1:0): Error when using sourcemap for reporting an error: Can't resolve original location of error.
             ../../node_modules/.pnpm/@mui+base@5.0.0-beta.40_@types+react@18.3.1_react-dom@18.3.1_react@18.3.1__react@18.3.1/node_modules/@mui/base/useInput/useInput.js (1:0): Error when using sourcemap for reporting an error: Can't resolve original location of error.
             ../../node_modules/.pnpm/@mui+base@5.0.0-beta.40_@types+react@18.3.1_react-dom@18.3.1_react@18.3.1__react@18.3.1/node_modules/@mui/base/unstable_useNumberInput/useNumberInput.js (1:0): Error when using sourcemap for reporting an error: Can't resolve original location of error.
             ../../node_modules/.pnpm/@mui+joy@5.0.0-beta.48_@emotion+react@11.13.3_@types+react@18.3.1_react@18.3.1__@emotion+styl_qpgnavv4o3spqhui2kbtoamlqq/node_modules/@mui/joy/ToggleButtonGroup/ToggleButtonGroupContext.js (1:0): Error when using sourcemap for reporting an error: Can't resolve original location of error.
             ../../node_modules/.pnpm/@mui+base@5.0.0-beta.40_@types+react@18.3.1_react-dom@18.3.1_react@18.3.1__react@18.3.1/node_modules/@mui/base/utils/useControllableReducer.js (1:0): Error when using sourcemap for reporting an error: Can't resolve original location of error.
             ../../node_modules/.pnpm/@mui+system@5.16.7_@emotion+react@11.13.3_@types+react@18.3.1_react@18.3.1__@emotion+styled@1_xd6indafufdii6b3affh74idhu/node_modules/@mui/system/esm/Unstable_Grid/Grid.js (1:0): Error when using sourcemap for reporting an error: Can't resolve original location of error.
             ../../node_modules/.pnpm/@mui+base@5.0.0-beta.40_@types+react@18.3.1_react-dom@18.3.1_react@18.3.1__react@18.3.1/node_modules/@mui/base/useCompound/useCompoundParent.js (1:0): Error when using sourcemap for reporting an error: Can't resolve original location of error.
             ../../node_modules/.pnpm/@mui+base@5.0.0-beta.40_@types+react@18.3.1_react-dom@18.3.1_react@18.3.1__react@18.3.1/node_modules/@mui/base/useList/useList.js (1:0): Error when using sourcemap for reporting an error: Can't resolve original location of error.
             ../../node_modules/.pnpm/@mui+base@5.0.0-beta.40_@types+react@18.3.1_react-dom@18.3.1_react@18.3.1__react@18.3.1/node_modules/@mui/base/useList/useListItem.js (1:0): Error when using sourcemap for reporting an error: Can't resolve original location of error.
             ../../node_modules/.pnpm/@mui+styled-engine@5.16.6_@emotion+react@11.13.3_@types+react@18.3.1_react@18.3.1__@emotion+s_wsirhjmidzsj4fmsfiradsygju/node_modules/@mui/styled-engine/index.js (1:0): Error when using sourcemap for reporting an error: Can't resolve original location of error.
             ../../node_modules/.pnpm/@mui+system@5.16.7_@emotion+react@11.13.3_@types+react@18.3.1_react@18.3.1__@emotion+styled@1_xd6indafufdii6b3affh74idhu/node_modules/@mui/system/esm/Stack/Stack.js (1:0): Error when using sourcemap for reporting an error: Can't resolve original location of error.
             ../../node_modules/.pnpm/@mui+system@5.16.7_@emotion+react@11.13.3_@types+react@18.3.1_react@18.3.1__@emotion+styled@1_xd6indafufdii6b3affh74idhu/node_modules/@mui/system/esm/GlobalStyles/GlobalStyles.js (1:0): Error when using sourcemap for reporting an error: Can't resolve original location of error.
             ../../node_modules/.pnpm/@mui+system@5.16.7_@emotion+react@11.13.3_@types+react@18.3.1_react@18.3.1__@emotion+styled@1_xd6indafufdii6b3affh74idhu/node_modules/@mui/system/esm/Box/Box.js (1:0): Error when using sourcemap for reporting an error: Can't resolve original location of error.
             ../../node_modules/.pnpm/@mui+system@5.16.7_@emotion+react@11.13.3_@types+react@18.3.1_react@18.3.1__@emotion+styled@1_xd6indafufdii6b3affh74idhu/node_modules/@mui/system/esm/ThemeProvider/ThemeProvider.js (1:0): Error when using sourcemap for reporting an error: Can't resolve original location of error.
             ../../node_modules/.pnpm/@mui+system@5.16.7_@emotion+react@11.13.3_@types+react@18.3.1_react@18.3.1__@emotion+styled@1_xd6indafufdii6b3affh74idhu/node_modules/@mui/system/esm/useMediaQuery/useMediaQuery.js (1:0): Error when using sourcemap for reporting an error: Can't resolve original location of error.
             ../../node_modules/.pnpm/@mui+system@5.16.7_@emotion+react@11.13.3_@types+react@18.3.1_react@18.3.1__@emotion+styled@1_xd6indafufdii6b3affh74idhu/node_modules/@mui/system/esm/Container/Container.js (1:0): Error when using sourcemap for reporting an error: Can't resolve original location of error.
             ../../node_modules/.pnpm/@mui+base@5.0.0-beta.58_@types+react@18.3.1_react-dom@18.3.1_react@18.3.1__react@18.3.1/node_modules/@mui/base/Unstable_NumberInput/NumberInput.js (1:0): Error when using sourcemap for reporting an error: Can't resolve original location of error.
             ../shared/components/src/lib/custom-link/custom-link.tsx (1:0): Error when using sourcemap for reporting an error: Can't resolve original location of error.
             ../../node_modules/.pnpm/@mui+styled-engine@5.16.6_@emotion+react@11.13.3_@types+react@18.3.1_react@18.3.1__@emotion+s_wsirhjmidzsj4fmsfiradsygju/node_modules/@mui/styled-engine/StyledEngineProvider/StyledEngineProvider.js (1:0): Error when using sourcemap for reporting an error: Can't resolve original location of error.
             ../../node_modules/.pnpm/@mui+styled-engine@5.16.6_@emotion+react@11.13.3_@types+react@18.3.1_react@18.3.1__@emotion+s_wsirhjmidzsj4fmsfiradsygju/node_modules/@mui/styled-engine/GlobalStyles/GlobalStyles.js (1:0): Error when using sourcemap for reporting an error: Can't resolve original location of error.
             ../../node_modules/.pnpm/@mui+system@5.16.7_@emotion+react@11.13.3_@types+react@18.3.1_react@18.3.1__@emotion+styled@1_xd6indafufdii6b3affh74idhu/node_modules/@mui/system/esm/DefaultPropsProvider/DefaultPropsProvider.js (1:0): Error when using sourcemap for reporting an error: Can't resolve original location of error.
             ../../node_modules/.pnpm/@mui+base@5.0.0-beta.58_@types+react@18.3.1_react-dom@18.3.1_react@18.3.1__react@18.3.1/node_modules/@mui/base/utils/ClassNameConfigurator.js (1:0): Error when using sourcemap for reporting an error: Can't resolve original location of error.
             ../../node_modules/.pnpm/@mui+base@5.0.0-beta.58_@types+react@18.3.1_react-dom@18.3.1_react@18.3.1__react@18.3.1/node_modules/@mui/base/utils/useRootElementName.js (1:0): Error when using sourcemap for reporting an error: Can't resolve original location of error.
             ../../node_modules/.pnpm/@mui+base@5.0.0-beta.58_@types+react@18.3.1_react-dom@18.3.1_react@18.3.1__react@18.3.1/node_modules/@mui/base/unstable_useNumberInput/useNumberInput.js (1:0): Error when using sourcemap for reporting an error: Can't resolve original location of error.
             ../shared/components/src/lib/custom-link/external-link/external-link.tsx (1:0): Error when using sourcemap for reporting an error: Can't resolve original location of error.
             ../../node_modules/.pnpm/@mui+utils@6.0.0-rc.0_@types+react@18.3.1_react@18.3.1/node_modules/@mui/utils/esm/useControlled/useControlled.js (1:0): Error when using sourcemap for reporting an error: Can't resolve original location of error.
             ../../node_modules/.pnpm/@mui+base@5.0.0-beta.58_@types+react@18.3.1_react-dom@18.3.1_react@18.3.1__react@18.3.1/node_modules/@mui/base/utils/useControllableReducer.js (1:0): Error when using sourcemap for reporting an error: Can't resolve original location of error.
             ../../node_modules/.pnpm/@mui+base@5.0.0-beta.58_@types+react@18.3.1_react-dom@18.3.1_react@18.3.1__react@18.3.1/node_modules/@mui/base/FormControl/FormControl.js (1:0): Error when using sourcemap for reporting an error: Can't resolve original location of error.
             x Build failed in 15.79s
             
             ℹ Build command:
             pnpm run storybook:build --output-dir=/var/folders/qw/58ffg3zj0p1dpmy_rzvx9ssc0000gp/T/chromatic--32286-Hq86MvEKunnB --webpack-stats-json=/var/folders/qw/58ffg3zj0p1dpmy_rzvx9ssc0000gp/T/chromatic--32286-Hq86MvEKunnB
             
             ℹ Runtime metadata:
             {
               "nodePlatform": "darwin",
               "nodeVersion": "20.9.0",
               "packageManager": "pnpm",
               "packageManagerVersion": "9.9.0"
             }
             
             ℹ Storybook build output:
             /Users/colorli/castlery/joyboy/libs/fortress/build-storybook.log
             
             > @castlery/fortress@0.31.0 storybook:build /Users/colorli/castlery/joyboy/libs/fortress
             > nx run fortress:build-storybook --configDir=.storybook "--output-dir=/var/folders/qw/58ffg3zj0p1dpmy_rzvx9ssc0000gp/T/chromatic--32286-Hq86MvEKunnB" "--webpack-stats-json=/var/folders/qw/58ffg3zj0p1dpmy_rzvx9ssc0000gp/T/chromatic--32286-Hq86MvEKunnB"
             > nx run fortress:build-storybook --configDir=.storybook --output-dir=/var/folders/qw/58ffg3zj0p1dpmy_rzvx9ssc0000gp/T/chromatic--32286-Hq86MvEKunnB --webpack-stats-json=/var/folders/qw/58ffg3zj0p1dpmy_rzvx9ssc0000gp/T/chromatic--32286-Hq86MvEKunnB
              NX  Storybook builder starting ...
             info
              => Cleaning outputDir: ../../../../../../var/folders/qw/58ffg3zj0p1dpmy_rzvx9ssc0000gp/T/chromatic--32286-Hq86MvEKunnB
             info
              => Loading presets
             WARN
              The "@storybook/addon-mdx-gfm" addon is meant as a migration assistant for Storybook 8.0; and will likely be removed in a future version.
             WARN It's recommended you read this document:
             WARN https://storybook.js.org/docs/writing-docs/mdx#markdown-tables-arent-rendering-correctly
             WARN
              
             WARN Once you've made the necessary changes, you can remove the addon from your package.json and storybook config.
             info
              Found existing addon "@storybook/addon-controls", skipping.
             info
              Found existing addon "@storybook/addon-controls", skipping.
             info => Building manager..
             info
              => Manager built (197 ms)
             info => Building preview..
             info
              Using tsconfig paths for react-docgen
             [addon-coverage] Adding istanbul plugin to Vite config
             vite v5.3.6 building for production...
             transforming...
             ✓ 2447 modules transformed.
             => Failed to build the preview
              NX   src/FormHelperText/FormHelperText.stories.tsx (2:9): "FormHelperText" is not exported by "src/FormHelperText/FormHelperText.tsx", imported by "src/FormHelperText/FormHelperText.stories.tsx".
             file: /Users/colorli/castlery/joyboy/libs/fortress/src/FormHelperText/FormHelperText.stories.tsx:2:9
             
             1: import React from 'react';
             2: import { FormHelperText, FormHelperTextProps } from './FormHelperText';
                         ^
             3: import type { Meta, StoryObj } from '@storybook/react';
             4: import { within, expect } from '@storybook/test';
             
             Pass --verbose to see the stacktrace.
              NX   Running target build-storybook for project fortress failed
             Failed tasks:
             - fortress:build-storybook
             Hint: run the command with --verbose for more details.
              ELIFECYCLE  Command failed with exit code 1.
09:22:31.304     → Command failed: pnpm run storybook:build --output-dir=/var/folders/qw/58ffg3zj0p1dpmy_rzvx9ssc0000gp/T/chromatic--32286-Hq86MvEKunnB --webpack-stats-json=/var/folders/qw/58ffg3zj0p1dpmy_rzvx9ssc0000gp/T/chromatic--32286-Hq86MvEKunnB
09:22:31.312 ℹ Wrote Chromatic diagnostics report to chromatic-diagnostics.json
